<?xml version="1.0" encoding="UTF-8"?>
<Events>
	<Event xmlns='http://schemas.microsoft.com/win/2004/08/events/event'>
		<System>
			<Provider Name='Microsoft-Windows-PowerShell' Guid='{A0C1853B-5C40-4B15-8766-3CF1C58F985A}' />
			<EventID>4104</EventID>
			<Version>1</Version>
			<Level>5</Level>
			<Task>2</Task>
			<Opcode>15</Opcode>
			<Keywords>0x0</Keywords>
			<TimeCreated SystemTime='2018-03-21T11:56:18.242787700Z' />
			<EventRecordID>212259</EventRecordID>
			<Correlation ActivityID='{714C55BF-BF6B-0002-4EEC-52716BBFD301}' />
			<Execution ProcessID='16496' ThreadID='15416' />
			<Channel>Microsoft-Windows-PowerShell/Operational</Channel>
			<Computer>CENTOLLO</Computer>
			<Security UserID='S-1-5-21-98100758-2920532898-2568853359-1001' />
		</System>
		<EventData>
			<Data Name='MessageNumber'>1</Data>
			<Data Name='MessageTotal'>1</Data>
			<Data Name='ScriptBlockText'>get-date</Data>
			<Data Name='ScriptBlockId'>b4a9369c-c304-425b-a65d-622265716e51</Data>
			<Data Name='Path'></Data>
		</EventData>
	</Event>
	<Event xmlns='http://schemas.microsoft.com/win/2004/08/events/event'>
		<System>
			<Provider Name='Microsoft-Windows-PowerShell' Guid='{A0C1853B-5C40-4B15-8766-3CF1C58F985A}' />
			<EventID>4104</EventID>
			<Version>1</Version>
			<Level>5</Level>
			<Task>2</Task>
			<Opcode>15</Opcode>
			<Keywords>0x0</Keywords>
			<TimeCreated SystemTime='2018-03-21T11:56:18.291604100Z' />
			<EventRecordID>212262</EventRecordID>
			<Correlation ActivityID='{714C55BF-BF6B-0000-D69B-52716BBFD301}' />
			<Execution ProcessID='16496' ThreadID='15416' />
			<Channel>Microsoft-Windows-PowerShell/Operational</Channel>
			<Computer>CENTOLLO</Computer>
			<Security UserID='S-1-5-21-98100758-2920532898-2568853359-1001' />
		</System>
		<EventData>
			<Data Name='MessageNumber'>1</Data>
			<Data Name='MessageTotal'>1</Data>
			<Data Name='ScriptBlockText'>{ Set-StrictMode -Version 1; $this.DisplayHint }
			</Data>
			<Data Name='ScriptBlockId'>8c49e482-fb7d-4291-abbb-12c1fce37250</Data>
			<Data Name='Path'></Data>
		</EventData>
	</Event>
	<Event xmlns='http://schemas.microsoft.com/win/2004/08/events/event'>
		<System>
			<Provider Name='Microsoft-Windows-PowerShell' Guid='{A0C1853B-5C40-4B15-8766-3CF1C58F985A}' />
			<EventID>4104</EventID>
			<Version>1</Version>
			<Level>5</Level>
			<Task>2</Task>
			<Opcode>15</Opcode>
			<Keywords>0x0</Keywords>
			<TimeCreated SystemTime='2018-03-21T11:56:18.328012400Z' />
			<EventRecordID>212265</EventRecordID>
			<Correlation ActivityID='{714C55BF-BF6B-0001-9387-52716BBFD301}' />
			<Execution ProcessID='16496' ThreadID='15416' />
			<Channel>Microsoft-Windows-PowerShell/Operational</Channel>
			<Computer>CENTOLLO</Computer>
			<Security UserID='S-1-5-21-98100758-2920532898-2568853359-1001' />
		</System>
		<EventData>
			<Data Name='MessageNumber'>1</Data>
			<Data Name='MessageTotal'>1</Data>
			<Data Name='ScriptBlockText'>{ Set-StrictMode -Version 1; $this.DisplayHint }
			</Data>
			<Data Name='ScriptBlockId'>1397e4d3-b832-4711-a6c5-89d24b4399ed</Data>
			<Data Name='Path'></Data>
		</EventData>
	</Event>
	<Event xmlns='http://schemas.microsoft.com/win/2004/08/events/event'>
		<System>
			<Provider Name='Microsoft-Windows-PowerShell' Guid='{A0C1853B-5C40-4B15-8766-3CF1C58F985A}' />
			<EventID>4104</EventID>
			<Version>1</Version>
			<Level>5</Level>
			<Task>2</Task>
			<Opcode>15</Opcode>
			<Keywords>0x0</Keywords>
			<TimeCreated SystemTime='2018-03-21T11:56:18.339925800Z' />
			<EventRecordID>212272</EventRecordID>
			<Correlation ActivityID='{714C55BF-BF6B-0001-9587-52716BBFD301}' />
			<Execution ProcessID='16496' ThreadID='15416' />
			<Channel>Microsoft-Windows-PowerShell/Operational</Channel>
			<Computer>CENTOLLO</Computer>
			<Security UserID='S-1-5-21-98100758-2920532898-2568853359-1001' />
		</System>
		<EventData>
			<Data Name='MessageNumber'>1</Data>
			<Data Name='MessageTotal'>1</Data>
			<Data Name='ScriptBlockText'>prompt</Data>
			<Data Name='ScriptBlockId'>f5cae953-6af7-4131-8568-9018ceae40f1</Data>
			<Data Name='Path'></Data>
		</EventData>
	</Event>
</Events>
